* using log directory 'C:/Users/pieti/Desktop/iopspackage/iopspackage.Rcheck'
* using R version 4.3.1 (2023-06-16 ucrt)
* using platform: x86_64-w64-mingw32 (64-bit)
* R was compiled by
    gcc.exe (GCC) 12.2.0
    GNU Fortran (GCC) 12.2.0
* running under: Windows 11 x64 (build 22635)
* using session charset: UTF-8
* using option '--as-cran'
* checking for file 'iopspackage/DESCRIPTION' ... OK
* checking extension type ... Package
* this is package 'iopspackage' version '2.1.0'
* package encoding: UTF-8
* checking CRAN incoming feasibility ... [25s] NOTE
Maintainer: 'C.J Pieterse <pietie.cjp.1908@gmail.com>'

New submission

Unknown, possibly misspelled, fields in DESCRIPTION:
  'Exports'
* checking package namespace information ... OK
* checking package dependencies ... OK
* checking if this is a source package ... OK
* checking if there is a namespace ... OK
* checking for executable files ... OK
* checking for hidden files and directories ... OK
* checking for portable file names ... OK
* checking serialization versions ... OK
* checking whether package 'iopspackage' can be installed ... [27s] WARNING
Found the following significant warnings:
  Warning: package 'Rcpp' was built under R version 4.3.2
See 'C:/Users/pieti/Desktop/iopspackage/iopspackage.Rcheck/00install.out' for details.
* checking installed package size ... OK
* checking package directory ... OK
* checking for future file timestamps ... OK
* checking DESCRIPTION meta-information ... OK
* checking top-level files ... OK
* checking for left-over files ... OK
* checking index information ... OK
* checking package subdirectories ... OK
* checking R files for non-ASCII characters ... OK
* checking R files for syntax errors ... OK
* checking whether the package can be loaded ... OK
* checking whether the package can be loaded with stated dependencies ... OK
* checking whether the package can be unloaded cleanly ... OK
* checking whether the namespace can be loaded with stated dependencies ... OK
* checking whether the namespace can be unloaded cleanly ... OK
* checking loading without being on the library search path ... OK
* checking use of S3 registration ... OK
* checking dependencies in R code ... NOTE
Namespaces in Imports field not imported from:
  'openxlsx' 'roxygen2' 'tibble'
  All declared Imports should be used.
* checking S3 generic/method consistency ... OK
* checking replacement functions ... OK
* checking foreign function calls ... OK
* checking R code for possible problems ... [12s] NOTE
IOPS: no visible global function definition for 'createWorkbook'
IOPS: no visible global function definition for 'addWorksheet'
IOPS: no visible global function definition for 'writeData'
IOPS: no visible global function definition for 'saveWorkbook'
Undefined global functions or variables:
  addWorksheet createWorkbook saveWorkbook writeData
* checking Rd files ... OK
* checking Rd metadata ... OK
* checking Rd line widths ... OK
* checking Rd cross-references ... OK
* checking for missing documentation entries ... OK
* checking for code/documentation mismatches ... OK
* checking Rd \usage sections ... OK
* checking Rd contents ... OK
* checking for unstated dependencies in examples ... OK
* checking examples ... ERROR
Running examples in 'iopspackage-Ex.R' failed
The error most likely occurred in:

> base::assign(".ptime", proc.time(), pos = "CheckExEnv")
> ### Name: IOPS
> ### Title: IOPS
> ### Aliases: IOPS
> 
> ### ** Examples
> 
> 
> # Load the example data
> data(ExampleTradeData)
Warning in data(ExampleTradeData) :
  data set 'ExampleTradeData' not found
> 
> oldwd <- getwd()
> temp_dir <- tempdir()
> 
> # Set the working directory to a temporary directory
> setwd(temp_dir)
> 
> # Then use it in your function
> IOPS(
+   CountryCode = 710,
+   tradeData = ExampleTradeData,
+   ComplexMethod = "reflections",
+   iterCompl = 5,
+   GVCMapping = NULL,
+   tradedigit = 6
+ )
Selected country: ZAF
Error: object 'ExampleTradeData' not found
Execution halted
* checking PDF version of manual ... [13s] OK
* checking HTML version of manual ... OK
* checking for non-standard things in the check directory ... OK
* checking for detritus in the temp directory ... NOTE
Found the following files/directories:
  'lastMiKTeXException'
* DONE
Status: 1 ERROR, 1 WARNING, 4 NOTEs
